<?xml version="1.0" encoding="UTF-8"?>
<!-- Generated by org.testng.reporters.JUnitXMLReporter -->
<testsuite hostname="itsdeepsMacBook.default" name="Default test" tests="9" failures="0" timestamp="30 Apr 2016 17:11:03 GMT" time="220.017" errors="0">
  <testcase name="TestCase01" time="12.728" classname="com.guru99ecommercetest.TestCasesTest"/>
  <testcase name="TestCase02" time="10.602" classname="com.guru99ecommercetest.TestCasesTest"/>
  <testcase name="TestCase03" time="17.592" classname="com.guru99ecommercetest.TestCasesTest"/>
  <testcase name="TestCase04" time="18.138" classname="com.guru99ecommercetest.TestCasesTest"/>
  <testcase name="TestCase05" time="18.738" classname="com.guru99ecommercetest.TestCasesTest"/>
  <testcase name="TestCase06" time="27.037" classname="com.guru99ecommercetest.TestCasesTest"/>
  <testcase name="TestCase08" time="32.927" classname="com.guru99ecommercetest.TestCasesTest"/>
  <testcase name="TestCase09" time="44.472" classname="com.guru99ecommercetest.TestCasesTest"/>
  <testcase name="TestCase10" time="37.133" classname="com.guru99ecommercetest.TestCasesTest"/>
</testsuite> <!-- Default test -->
